00:00:00.000398 main     VirtualBox XPCOM Server 6.1.26 r145957 linux.amd64 (Jul 29 2021 12:15:28) release log
00:00:00.000401 main     Log opened 2021-10-09T08:55:38.492995000Z
00:00:00.000401 main     Build Type: release
00:00:00.000403 main     OS Product: Linux
00:00:00.000404 main     OS Release: 5.10.71-1-lts
00:00:00.000405 main     OS Version: #1 SMP Wed, 06 Oct 2021 14:19:52 +0000
00:00:00.000428 main     DMI Product Name: Inspiron 5468
00:00:00.000436 main     DMI Product Version: 
00:00:00.000440 main     Firmware type: UEFI
00:00:00.000783 main     Secure Boot: Disabled
00:00:00.000819 main     Host RAM: 7725MB (7.5GB) total, 6572MB (6.4GB) available
00:00:00.000822 main     Executable: /usr/lib/virtualbox/VBoxSVC
00:00:00.000823 main     Process ID: 35878
00:00:00.000823 main     Package type: LINUX_64BITS_GENERIC (OSE)
00:00:00.002221 main     IPC socket path: /tmp/.vbox-root-ipc/ipcd
00:00:00.107577 nspr-2   VirtualBox: object creation starts
00:00:00.107829 nspr-2   Home directory: '/root/.config/VirtualBox'
00:00:00.123197 nspr-2   NetIfAdpCtlOut: VBoxNetAdpCtl: Error while retrieving link speed for wlp1s0: VBoxNetAdpCtl: ioctl failed: Operation not supported
00:00:00.124341 nspr-2   HostDnsMonitor: initializing
00:00:00.124930 nspr-2   NAT: resolv.conf: nameserver 192.168.1.1
00:00:00.124960 nspr-2   NAT: resolv.conf: nameserver 94.140.14.14
00:00:00.124970 nspr-2   NAT: resolv.conf: nameserver 94.140.15.15
00:00:00.124993 nspr-2   HostDnsMonitor: updating information
00:00:00.125025 nspr-2   HostDnsMonitor: old information
00:00:00.125032 nspr-2     no server entries
00:00:00.125040 nspr-2     no domain set
00:00:00.125046 nspr-2     no search string entries
00:00:00.125053 nspr-2   HostDnsMonitor: new information
00:00:00.125059 nspr-2     server 1: 192.168.1.1
00:00:00.125067 nspr-2     server 2: 94.140.14.14
00:00:00.125074 nspr-2     server 3: 94.140.15.15
00:00:00.125081 nspr-2     no domain set
00:00:00.125087 nspr-2     no search string entries
00:00:00.132428 nspr-2   VD: VDInit finished with VINF_SUCCESS
00:00:00.132818 nspr-2   ERROR [COM]: aRC=NS_ERROR_FAILURE (0x80004005) aIID={027bc463-929c-40e8-bf16-fea557cd8e7e} aComponent={SystemPropertiesWrap} aText={Cannot determine default Guest Additions ISO location. Most likely they are not available}, preserve=false aResultDetail=0
00:00:00.134129 nspr-2   VirtualBox: object created
00:00:00.207939 ExtPackInst ExtPack: Executing '/usr/lib/virtualbox/VBoxExtPackHelperApp' 'install' '--base-dir' '/usr/lib/virtualbox/ExtensionPacks' '--cert-dir' '/usr/share/virtualbox/ExtPackCertificates' '--name' 'Oracle VM VirtualBox Extension Pack' '--tarball' '/usr/share/virtualbox/extensions/Oracle_VM_VirtualBox_Extension_Pack-6.1.26.vbox-extpack' '--sha-256' 'f31b83d251fbfb155c4161d7e389a4ad806f743506cc4fc5619b0b43dd9627e4'
00:00:01.142762 ExtPackInst ExtPack: enmReason=1 iStatus=0 stderr='rcExit=RTEXITCODE_SUCCESS
00:00:01.142771 ExtPackInst '
00:00:01.144976 ExtPackInst ExtPackManager: Found extension pack 'Oracle VM VirtualBox Extension Pack'.
00:00:01.145426 ExtPackInst ExtPackManager: Successfully installed extension pack 'Oracle VM VirtualBox Extension Pack'.
00:00:01.145742 ExtPackInst OCI: Local config file '/root/.config/VirtualBox/oci_config' does not exist
00:00:01.145801 ExtPackInst OCI: Original config file '/root/.oci/config' does not exist
00:00:01.145812 ExtPackInst OCI: Reading profiles finished with status NS_OK
00:00:01.145826 ExtPackInst ExtPack: Created cloud provider 'OCI' (hrc=NS_OK)
00:00:06.150291 main     VirtualBox: object deletion starts
00:00:06.150822 main     HostDnsMonitor: shutting down ...
00:00:06.182202 main     HostDnsMonitor: shut down
00:00:06.636147 Watcher  ERROR [COM]: aRC=E_ACCESSDENIED (0x80070005) aIID={d0a0163f-e254-4e5b-a1f2-011cf991c38d} aComponent={VirtualBoxWrap} aText={The object is not ready}, preserve=false aResultDetail=0
00:00:11.182354 main     {00007f81140134a0} HostPowerServiceLinux::~HostPowerServiceLinux: RTThreadWait() for 5000 ms failed with VERR_TIMEOUT
00:00:11.183109 main     VirtualBox: object deleted
