00:00:00.038568 main     VirtualBox XPCOM Server 6.1.26 r145957 linux.amd64 (Jul 29 2021 12:15:28) release log
00:00:00.038576 main     Log opened 2021-10-13T05:45:58.755631000Z
00:00:00.038578 main     Build Type: release
00:00:00.038588 main     OS Product: Linux
00:00:00.038592 main     OS Release: 5.10.72-1-lts
00:00:00.038596 main     OS Version: #1 SMP Sat, 09 Oct 2021 17:34:39 +0000
00:00:00.038666 main     DMI Product Name: Inspiron 5468
00:00:00.038701 main     DMI Product Version: 
00:00:00.038714 main     Firmware type: UEFI
00:00:00.039247 main     Secure Boot: Disabled
00:00:00.039369 main     Host RAM: 7725MB (7.5GB) total, 7453MB (7.2GB) available
00:00:00.039378 main     Executable: /usr/lib/virtualbox/VBoxSVC
00:00:00.039379 main     Process ID: 14127
00:00:00.039381 main     Package type: LINUX_64BITS_GENERIC (OSE)
00:00:00.044583 main     IPC socket path: /tmp/.vbox-invalid-ipc/ipcd
00:00:00.178385 nspr-2   VirtualBox: object creation starts
00:00:00.178628 nspr-2   Home directory: '/home/invalid/.config/VirtualBox'
00:00:00.208625 nspr-2   Loading settings file "/home/invalid/.config/VirtualBox/VirtualBox.xml" with version "1.12-linux"
00:00:00.223407 nspr-2   USB: Unknown USB device detected (idVendor: 0x0cf3, idProduct: 0xe005)
00:00:00.223860 nspr-2   Successfully initialised host USB using sysfs
00:00:00.241186 nspr-2   NetIfAdpCtlOut: VBoxNetAdpCtl: Error while retrieving link speed for wlp1s0: VBoxNetAdpCtl: ioctl failed: Operation not supported
00:00:00.243193 nspr-2   HostDnsMonitor: initializing
00:00:00.243828 nspr-2   NAT: resolv.conf: nameserver 192.168.1.1
00:00:00.243859 nspr-2   NAT: resolv.conf: nameserver 94.140.14.14
00:00:00.243870 nspr-2   NAT: resolv.conf: nameserver 94.140.15.15
00:00:00.243895 nspr-2   HostDnsMonitor: updating information
00:00:00.243930 nspr-2   HostDnsMonitor: old information
00:00:00.243939 nspr-2     no server entries
00:00:00.243948 nspr-2     no domain set
00:00:00.243955 nspr-2     no search string entries
00:00:00.243962 nspr-2   HostDnsMonitor: new information
00:00:00.243969 nspr-2     server 1: 192.168.1.1
00:00:00.243978 nspr-2     server 2: 94.140.14.14
00:00:00.243986 nspr-2     server 3: 94.140.15.15
00:00:00.243994 nspr-2     no domain set
00:00:00.244000 nspr-2     no search string entries
00:00:00.336776 nspr-2   VD: VDInit finished with VINF_SUCCESS
00:00:00.338000 nspr-2   ERROR [COM]: aRC=NS_ERROR_FAILURE (0x80004005) aIID={027bc463-929c-40e8-bf16-fea557cd8e7e} aComponent={SystemPropertiesWrap} aText={Cannot determine default Guest Additions ISO location. Most likely they are not available}, preserve=false aResultDetail=0
00:00:00.448582 nspr-2   Loading settings file "/home/invalid/VirtualBox VMs/Base Arch/Base Arch.vbox" with version "1.16-linux"
00:00:00.451163 nspr-2   Loading settings file "/home/invalid/VirtualBox VMs/i3/i3.vbox" with version "1.18-linux"
00:00:00.478923 nspr-2   Loading settings file "/home/invalid/VirtualBox VMs/Base Arch Clone 2/Base Arch Clone 2.vbox" with version "1.16-linux"
00:00:00.481064 nspr-2   Loading settings file "/home/invalid/VirtualBox VMs/Base Arch Clone 3/Base Arch Clone 3.vbox" with version "1.16-linux"
00:00:00.550577 nspr-2   OCI: Local config file '/home/invalid/.config/VirtualBox/oci_config' does not exist
00:00:00.550646 nspr-2   OCI: Original config file '/home/invalid/.oci/config' does not exist
00:00:00.550658 nspr-2   OCI: Reading profiles finished with status NS_OK
00:00:00.550697 nspr-2   ExtPack: Created cloud provider 'OCI' (hrc=NS_OK)
00:00:00.550763 nspr-2   VirtualBox: object created
00:00:12.695310 nspr-2   Saving settings file "/home/invalid/.config/VirtualBox/VirtualBox.xml" with version "1.12-linux"
00:00:17.449116 nspr-4   Launched VM: 3221229584 pid: 14330 (0x37fa) frontend: GUI/Qt name: Base Arch Clone 2
00:00:18.494745 nspr-2   Load [/usr/lib/virtualbox/ExtensionPacks/Oracle_VM_VirtualBox_Extension_Pack/linux.amd64/VBoxHostWebcam.so] vrc=VINF_SUCCESS
00:00:18.790926 nspr-3   ERROR [COM]: aRC=VBOX_E_IPRT_ERROR (0x80bb0005) aIID={85632c68-b5bb-4316-a900-5eb28d3413df} aComponent={SessionMachine} aText={Saved screenshot data is not available (VERR_NOT_SUPPORTED)}, preserve=false aResultDetail=-37
00:00:18.838562 nspr-4   NetIfAdpCtlOut: VBoxNetAdpCtl: Error while retrieving link speed for wlp1s0: VBoxNetAdpCtl: ioctl failed: Operation not supported
00:02:39.725598 nspr-2   Saving settings file "/home/invalid/VirtualBox VMs/Base Arch Clone 2/Base Arch Clone 2.vbox" with version "1.16-linux"
00:02:39.955278 nspr-5   ERROR [COM]: aRC=VBOX_E_IPRT_ERROR (0x80bb0005) aIID={85632c68-b5bb-4316-a900-5eb28d3413df} aComponent={SessionMachine} aText={Saved screenshot data is not available (VERR_NOT_SUPPORTED)}, preserve=false aResultDetail=-37
00:13:06.059995 nspr-4   Saving settings file "/home/invalid/VirtualBox VMs/Base Arch Clone 2/Base Arch Clone 2.vbox" with version "1.16-linux"
00:13:06.212974 nspr-8   Saving settings file "/home/invalid/VirtualBox VMs/Base Arch Clone 2/Base Arch Clone 2.vbox" with version "1.16-linux"
00:13:06.366091 nspr-2   Saving settings file "/home/invalid/VirtualBox VMs/Base Arch Clone 2/Base Arch Clone 2.vbox" with version "1.16-linux"
00:19:01.032941 nspr-4   Saving settings file "/home/invalid/.config/VirtualBox/VirtualBox.xml" with version "1.12-linux"
01:52:53.747513 nspr-4   Launched VM: 3221368848 pid: 85517 (0x14e0d) frontend: GUI/Qt name: Base Arch Clone 3
01:52:54.551713 nspr-7   Load [/usr/lib/virtualbox/ExtensionPacks/Oracle_VM_VirtualBox_Extension_Pack/linux.amd64/VBoxHostWebcam.so] vrc=VINF_SUCCESS
01:52:54.820183 nspr-5   ERROR [COM]: aRC=VBOX_E_IPRT_ERROR (0x80bb0005) aIID={85632c68-b5bb-4316-a900-5eb28d3413df} aComponent={SessionMachine} aText={Saved screenshot data is not available (VERR_NOT_SUPPORTED)}, preserve=false aResultDetail=-37
01:52:54.835011 nspr-2   NetIfAdpCtlOut: VBoxNetAdpCtl: Error while retrieving link speed for wlp1s0: VBoxNetAdpCtl: ioctl failed: Operation not supported
01:53:11.866231 nspr-8   Saving settings file "/home/invalid/VirtualBox VMs/Base Arch Clone 3/Base Arch Clone 3.vbox" with version "1.16-linux"
01:53:12.066353 nspr-6   ERROR [COM]: aRC=VBOX_E_IPRT_ERROR (0x80bb0005) aIID={85632c68-b5bb-4316-a900-5eb28d3413df} aComponent={SessionMachine} aText={Saved screenshot data is not available (VERR_NOT_SUPPORTED)}, preserve=false aResultDetail=-37
02:42:57.855704 nspr-8   Saving settings file "/home/invalid/.config/VirtualBox/VirtualBox.xml" with version "1.12-linux"
02:42:58.061654 nspr-2   Saving settings file "/home/invalid/.config/VirtualBox/VirtualBox.xml" with version "1.12-linux"
02:42:58.313023 nspr-3   Saving settings file "/home/invalid/.config/VirtualBox/VirtualBox.xml" with version "1.12-linux"
02:42:58.460667 nspr-4   Saving settings file "/home/invalid/.config/VirtualBox/VirtualBox.xml" with version "1.12-linux"
02:42:58.723415 nspr-6   Saving settings file "/home/invalid/.config/VirtualBox/VirtualBox.xml" with version "1.12-linux"
02:43:08.340725 nspr-3   Saving settings file "/home/invalid/VirtualBox VMs/Base Arch Clone 3/Base Arch Clone 3.vbox" with version "1.16-linux"
02:43:08.453578 nspr-4   Saving settings file "/home/invalid/VirtualBox VMs/Base Arch Clone 3/Base Arch Clone 3.vbox" with version "1.16-linux"
02:43:09.156026 nspr-5   Saving settings file "/home/invalid/VirtualBox VMs/Base Arch Clone 3/Base Arch Clone 3.vbox" with version "1.16-linux"
